app/build/intermediates/manifest_merge_blame_file/release/manifest-merger-blame-release-report.txt
1<?xml version="1.0" encoding="utf-8"?>
2<manifest xmlns:android="http://schemas.android.com/apk/res/android"
3    package="com.elmundobinario.lacomidadelcanco"
4    android:versionCode="14"
5    android:versionName="2.4" >
6
7    <uses-sdk
8        android:minSdkVersion="16"
9        android:targetSdkVersion="31" />
10
11    <application
11-->src/main/AndroidManifest.xml:4:5-37:19
12        android:allowBackup="true"
12-->src/main/AndroidManifest.xml:5:9-35
13        android:appComponentFactory="androidx.core.app.CoreComponentFactory"
13-->[androidx.core:core:1.1.0] AndroidManifest.xml:24:18-86
14        android:extractNativeLibs="true"
15        android:icon="@mipmap/ic_launcher"
15-->src/main/AndroidManifest.xml:6:9-43
16        android:label="@string/app_name"
16-->src/main/AndroidManifest.xml:7:9-41
17        android:roundIcon="@mipmap/ic_launcher_round"
17-->src/main/AndroidManifest.xml:8:9-54
18        android:supportsRtl="true"
18-->src/main/AndroidManifest.xml:9:9-35
19        android:theme="@style/Theme.AppCompat.Light.NoActionBar" >
19-->src/main/AndroidManifest.xml:10:9-65
20        <activity
20-->src/main/AndroidManifest.xml:11:9-14:62
21            android:name="com.elmundobinario.lacomidadelcanco.MenuCenaFinal"
21-->src/main/AndroidManifest.xml:12:13-42
22            android:exported="true"
22-->src/main/AndroidManifest.xml:13:13-36
23            android:screenOrientation="landscape" />
23-->src/main/AndroidManifest.xml:14:13-50
24        <activity
24-->src/main/AndroidManifest.xml:15:9-18:62
25            android:name="com.elmundobinario.lacomidadelcanco.MenuAlmuerzoFinal"
25-->src/main/AndroidManifest.xml:16:13-46
26            android:exported="true"
26-->src/main/AndroidManifest.xml:17:13-36
27            android:screenOrientation="landscape" />
27-->src/main/AndroidManifest.xml:18:13-50
28        <activity
28-->src/main/AndroidManifest.xml:19:9-22:53
29            android:name="com.elmundobinario.lacomidadelcanco.Cena"
29-->src/main/AndroidManifest.xml:20:13-33
30            android:exported="true"
30-->src/main/AndroidManifest.xml:21:13-36
31            android:screenOrientation="landscape" />
31-->src/main/AndroidManifest.xml:22:13-50
32        <activity
32-->src/main/AndroidManifest.xml:23:9-26:53
33            android:name="com.elmundobinario.lacomidadelcanco.Almuerzo"
33-->src/main/AndroidManifest.xml:24:13-37
34            android:exported="true"
34-->src/main/AndroidManifest.xml:25:13-36
35            android:screenOrientation="landscape" />
35-->src/main/AndroidManifest.xml:26:13-50
36        <activity
36-->src/main/AndroidManifest.xml:27:9-36:20
37            android:name="com.elmundobinario.lacomidadelcanco.MainActivity"
37-->src/main/AndroidManifest.xml:28:13-41
38            android:exported="true"
38-->src/main/AndroidManifest.xml:29:13-36
39            android:screenOrientation="landscape" >
39-->src/main/AndroidManifest.xml:30:13-50
40            <intent-filter>
40-->src/main/AndroidManifest.xml:31:13-35:29
41                <action android:name="android.intent.action.MAIN" />
41-->src/main/AndroidManifest.xml:32:17-69
41-->src/main/AndroidManifest.xml:32:25-66
42
43                <category android:name="android.intent.category.LAUNCHER" />
43-->src/main/AndroidManifest.xml:34:17-77
43-->src/main/AndroidManifest.xml:34:27-74
44            </intent-filter>
45        </activity>
46    </application>
47
48</manifest>